\BOOKMARK [0][-]{dummy.1}{\376\377\000A\000b\000s\000t\000r\000a\000c\000t}{}% 1
\BOOKMARK [0][-]{dummy.2}{\376\377\000A\000c\000k\000n\000o\000w\000l\000e\000d\000g\000e\000m\000e\000n\000t\000s}{}% 2
\BOOKMARK [0][-]{dummy.3}{\376\377\000C\000o\000n\000t\000e\000n\000t\000s}{}% 3
\BOOKMARK [0][-]{dummy.5}{\376\377\000L\000i\000s\000t\000\040\000o\000f\000\040\000F\000i\000g\000u\000r\000e\000s}{}% 4
\BOOKMARK [0][-]{dummy.7}{\376\377\000L\000i\000s\000t\000\040\000o\000f\000\040\000T\000a\000b\000l\000e\000s}{}% 5
\BOOKMARK [0][-]{dummy.9}{\376\377\000A\000b\000b\000r\000e\000v\000i\000a\000t\000i\000o\000n\000s}{}% 6
\BOOKMARK [0][-]{dummy.12}{\376\377\000S\000y\000m\000b\000o\000l\000s}{}% 7
\BOOKMARK [0][-]{chapter.15}{\376\377\0001\000\040\000I\000n\000t\000r\000o\000d\000u\000c\000t\000i\000o\000n}{}% 8
\BOOKMARK [0][-]{chapter.17}{\376\377\0002\000\040\000P\000i\000c\000o\000:\000\040\000n\000o\000\040\000m\000o\000r\000e\000\040\000p\000a\000s\000s\000w\000o\000r\000d\000s\000!}{}% 9
\BOOKMARK [0][-]{chapter.19}{\376\377\0003\000\040\000A\000s\000s\000e\000s\000s\000m\000e\000n\000t\000\040\000f\000r\000a\000m\000e\000w\000o\000r\000k}{}% 10
\BOOKMARK [1][-]{section.20}{\376\377\0003\000.\0001\000\040\000U\000D\000S\000\040\000a\000s\000s\000e\000s\000s\000m\000e\000n\000t\000\040\000f\000r\000a\000m\000e\000w\000o\000r\000k}{chapter.19}% 11
\BOOKMARK [1][-]{section.22}{\376\377\0003\000.\0002\000\040\000T\000o\000k\000e\000n\000\040\000u\000n\000l\000o\000c\000k\000i\000n\000g\000\040\000f\000r\000a\000m\000e\000w\000o\000r\000k}{chapter.19}% 12
\BOOKMARK [1][-]{section.26}{\376\377\0003\000.\0003\000\040\000E\000x\000a\000m\000p\000l\000e\000\040\000e\000v\000a\000l\000u\000a\000t\000i\000o\000n}{chapter.19}% 13
\BOOKMARK [2][-]{subsection.27}{\376\377\0003\000.\0003\000.\0001\000\040\000P\000i\000c\000o\000s\000i\000b\000l\000i\000n\000g\000s}{section.26}% 14
\BOOKMARK [2][-]{subsection.29}{\376\377\0003\000.\0003\000.\0002\000\040\000P\000I\000N}{section.26}% 15
\BOOKMARK [2][-]{subsection.33}{\376\377\0003\000.\0003\000.\0003\000\040\000F\000a\000c\000e\000\040\000u\000n\000l\000o\000c\000k}{section.26}% 16
\BOOKMARK [1][-]{section.34}{\376\377\0003\000.\0004\000\040\000C\000o\000n\000c\000l\000u\000s\000i\000o\000n\000s}{chapter.19}% 17
\BOOKMARK [0][-]{chapter.36}{\376\377\0004\000\040\000D\000e\000s\000i\000g\000n}{}% 18
\BOOKMARK [1][-]{section.37}{\376\377\0004\000.\0001\000\040\000D\000e\000s\000i\000g\000n\000\040\000r\000e\000q\000u\000i\000r\000e\000m\000e\000n\000t\000s}{chapter.36}% 19
\BOOKMARK [1][-]{section.39}{\376\377\0004\000.\0002\000\040\000P\000r\000o\000p\000o\000s\000e\000d\000\040\000s\000o\000l\000u\000t\000i\000o\000n}{chapter.36}% 20
\BOOKMARK [2][-]{subsection.42}{\376\377\0004\000.\0002\000.\0001\000\040\000E\000x\000p\000l\000i\000c\000i\000t\000\040\000a\000u\000t\000h\000e\000n\000t\000i\000c\000a\000t\000i\000o\000n}{section.39}% 21
\BOOKMARK [1][-]{section.50}{\376\377\0004\000.\0003\000\040\000R\000e\000l\000a\000t\000e\000d\000\040\000w\000o\000r\000k}{chapter.36}% 22
\BOOKMARK [1][-]{section.53}{\376\377\0004\000.\0004\000\040\000C\000o\000n\000c\000l\000u\000s\000i\000o\000n\000s}{chapter.36}% 23
\BOOKMARK [0][-]{chapter.54}{\376\377\0005\000\040\000I\000m\000p\000l\000e\000m\000e\000n\000t\000a\000t\000i\000o\000n\000\040\000P\000r\000o\000t\000o\000t\000y\000p\000e}{}% 24
\BOOKMARK [1][-]{subsection.56}{\376\377\0005\000.\0000\000.\0001\000\040\000A\000n\000d\000r\000o\000i\000d\000\040\000d\000e\000v\000e\000l\000o\000p\000m\000e\000n\000t\000\040\000a\000n\000d\000\040\000s\000e\000c\000u\000r\000i\000t\000y}{chapter.54}% 25
\BOOKMARK [1][-]{section.66}{\376\377\0005\000.\0001\000\040\000A\000u\000t\000h\000e\000n\000t\000i\000c\000a\000t\000o\000r\000\040\000d\000e\000s\000i\000g\000n}{chapter.54}% 26
\BOOKMARK [1][-]{section.67}{\376\377\0005\000.\0002\000\040\000I\000m\000p\000l\000e\000m\000e\000n\000t\000a\000t\000i\000o\000n\000\040\000d\000e\000t\000a\000i\000l\000s}{chapter.54}% 27
\BOOKMARK [2][-]{subsection.68}{\376\377\0005\000.\0002\000.\0001\000\040\000M\000a\000i\000n\000\040\000a\000p\000p\000l\000i\000c\000a\000t\000i\000o\000n\000\040\000a\000n\000d\000\040\000s\000e\000r\000v\000i\000c\000e\000s}{section.67}% 28
\BOOKMARK [2][-]{subsection.69}{\376\377\0005\000.\0002\000.\0002\000\040\000A\000u\000t\000h\000e\000n\000t\000i\000c\000a\000t\000i\000o\000n\000\040\000m\000e\000c\000h\000a\000n\000i\000s\000m\000s}{section.67}% 29
\BOOKMARK [3][-]{subsubsection.70}{\376\377\0005\000.\0002\000.\0002\000.\0001\000\040\000D\000u\000m\000m\000y\000\040\000m\000e\000c\000h\000a\000n\000i\000s\000m}{subsection.69}% 30
\BOOKMARK [3][-]{subsubsection.71}{\376\377\0005\000.\0002\000.\0002\000.\0002\000\040\000V\000o\000i\000c\000e\000\040\000r\000e\000c\000o\000g\000n\000i\000t\000i\000o\000n}{subsection.69}% 31
\BOOKMARK [3][-]{subsubsection.72}{\376\377\0005\000.\0002\000.\0002\000.\0003\000\040\000F\000a\000c\000e\000\040\000r\000e\000c\000o\000g\000n\000i\000t\000i\000o\000n}{subsection.69}% 32
\BOOKMARK [2][-]{subsection.73}{\376\377\0005\000.\0002\000.\0003\000\040\000O\000w\000n\000e\000r\000\040\000c\000o\000n\000f\000i\000g\000u\000r\000a\000t\000i\000o\000n}{section.67}% 33
\BOOKMARK [1][-]{section.74}{\376\377\0005\000.\0003\000\040\000T\000h\000r\000e\000a\000t\000\040\000m\000o\000d\000e\000l}{chapter.54}% 34
\BOOKMARK [2][-]{subsection.75}{\376\377\0005\000.\0003\000.\0001\000\040\000P\000r\000o\000t\000o\000t\000y\000p\000e\000\040\000t\000h\000r\000e\000a\000t\000\040\000m\000o\000d\000e\000l}{section.74}% 35
\BOOKMARK [1][-]{section.79}{\376\377\0005\000.\0004\000\040\000F\000u\000t\000u\000r\000e\000\040\000w\000o\000r\000k}{chapter.54}% 36
\BOOKMARK [1][-]{section.80}{\376\377\0005\000.\0005\000\040\000R\000e\000s\000u\000l\000t\000s}{chapter.54}% 37
\BOOKMARK [1][-]{section.81}{\376\377\0005\000.\0006\000\040\000R\000e\000l\000a\000t\000e\000d\000\040\000w\000o\000r\000k}{chapter.54}% 38
\BOOKMARK [0][-]{chapter.82}{\376\377\0006\000\040\000E\000v\000a\000l\000u\000a\000t\000i\000o\000n}{}% 39
\BOOKMARK [1][-]{section.83}{\376\377\0006\000.\0001\000\040\000F\000r\000a\000m\000e\000w\000o\000r\000k\000\040\000e\000v\000a\000l\000u\000a\000t\000i\000o\000n}{chapter.82}% 40
\BOOKMARK [1][-]{section.85}{\376\377\0006\000.\0002\000\040\000C\000o\000n\000c\000e\000p\000t\000u\000a\000l\000\040\000d\000e\000s\000i\000g\000n\000\040\000t\000h\000r\000e\000a\000t\000\040\000M\000o\000d\000e\000l}{chapter.82}% 41
\BOOKMARK [2][-]{subsection.86}{\376\377\0006\000.\0002\000.\0001\000\040\000D\000e\000d\000i\000c\000a\000t\000e\000d\000\040\000d\000e\000v\000i\000c\000e\000\040\000w\000i\000t\000h\000\040\000d\000e\000d\000i\000c\000a\000t\000e\000d\000\040\000s\000e\000n\000s\000o\000r\000s}{section.85}% 42
\BOOKMARK [2][-]{subsection.90}{\376\377\0006\000.\0002\000.\0002\000\040\000D\000e\000d\000i\000c\000a\000t\000e\000d\000\040\000d\000e\000v\000i\000c\000e\000\040\000w\000i\000t\000h\000\040\000s\000h\000a\000r\000e\000d\000\040\000s\000e\000n\000s\000o\000r\000s}{section.85}% 43
\BOOKMARK [2][-]{subsection.94}{\376\377\0006\000.\0002\000.\0003\000\040\000I\000n\000s\000e\000c\000u\000r\000e\000\040\000c\000o\000m\000m\000u\000n\000i\000c\000a\000t\000i\000o\000n\000\040\000w\000i\000t\000h\000\040\000P\000i\000c\000o}{section.85}% 44
\BOOKMARK [2][-]{subsection.98}{\376\377\0006\000.\0002\000.\0004\000\040\000S\000h\000a\000r\000e\000d\000\040\000d\000e\000v\000i\000c\000e\000\040\000w\000i\000t\000h\000\040\000s\000h\000a\000r\000e\000d\000\040\000c\000o\000m\000p\000o\000n\000e\000n\000t\000s}{section.85}% 45
\BOOKMARK [2][-]{subsection.102}{\376\377\0006\000.\0002\000.\0005\000\040\000P\000r\000o\000p\000o\000s\000e\000d\000\040\000s\000e\000c\000u\000r\000e\000\040\000i\000m\000p\000l\000e\000m\000e\000n\000t\000a\000t\000i\000o\000n}{section.85}% 46
\BOOKMARK [0][-]{appendix.106}{\376\377\000A\000\040\000A\000p\000p\000e\000n\000d\000i\000x\000\040\000T\000i\000t\000l\000e\000\040\000H\000e\000r\000e}{}% 47
\BOOKMARK [0][-]{dummy.107}{\376\377\000B\000i\000b\000l\000i\000o\000g\000r\000a\000p\000h\000y}{}% 48
